Added Component: Designator=J1(JAC_PWR1)
Add component (AddParameter): Name = "MANF"; Value = "CUI STACK"; VariantName = "[No Variations]"
Add component (AddParameter): Name = "MANF_P#"; Value = "PJ-031CH, PJ-031C"; VariantName = "[No Variations]"
Add component (AddParameter): Name = "PARAM"; Value = "CH 3A, C 2A"; VariantName = "[No Variations]"
Add component (AddParameter): Name = "VALUE"; Value = "DC_POWER_JACK"; VariantName = "[No Variations]"
Added Component: Designator=J2(HDRMINI_M_1X3)
Add component (AddParameter): Name = "MANF"; Value = ""; VariantName = "[No Variations]"
Add component (AddParameter): Name = "MANF_P#"; Value = ""; VariantName = "[No Variations]"
Add component (AddParameter): Name = "VALUE"; Value = "HDRMINI_3"; VariantName = "[No Variations]"
Added Component: Designator=M1(MODULE-MAX30102)
Added Pin To Net: NetName=5V Pin=J1-1
Added Pin To Net: NetName=5V Pin=M1-1
Added Net: Name=5V
Added Pin To Net: NetName=NetJ1_2 Pin=J1-2
Added Pin To Net: NetName=NetJ1_2 Pin=J1-3
Added Pin To Net: NetName=NetJ1_2 Pin=M1-2
Added Net: Name=NetJ1_2
Added Pin To Net: NetName=NetJ2_1 Pin=J2-1
Added Pin To Net: NetName=NetJ2_1 Pin=M1-5
Added Net: Name=NetJ2_1
Added Pin To Net: NetName=NetJ2_2 Pin=J2-2
Added Pin To Net: NetName=NetJ2_2 Pin=M1-4
Added Net: Name=NetJ2_2
Added Pin To Net: NetName=NetJ2_3 Pin=J2-3
Added Pin To Net: NetName=NetJ2_3 Pin=M1-3
Added Net: Name=NetJ2_3
Added Class: Name=Sheet1
Added Rule: Name=Schematic Supply Nets
